<?xml version="1.0" encoding="UTF-8"?>
<testng-results ignored="0" total="1" passed="1" failed="0" skipped="0">
  <reporter-output>
  </reporter-output>
  <suite started-at="2020-12-24T15:34:49Z" name="Suite" finished-at="2020-12-24T15:35:23Z" duration-ms="33702">
    <groups>
    </groups>
    <test started-at="2020-12-24T15:34:49Z" name="Test" finished-at="2020-12-24T15:35:23Z" duration-ms="33702">
      <class name="testCases.LoginToOrange">
        <test-method is-config="true" signature="setupSuite()[pri:0, instance:testCases.LoginToOrange@27e47833]" started-at="2020-12-24T21:04:47Z" name="setupSuite" finished-at="2020-12-24T21:04:49Z" duration-ms="2213" status="PASS">
          <reporter-output>
          </reporter-output>
        </test-method> <!-- setupSuite -->
        <test-method is-config="true" signature="setup()[pri:0, instance:testCases.LoginToOrange@27e47833]" started-at="2020-12-24T21:04:49Z" name="setup" finished-at="2020-12-24T21:05:10Z" duration-ms="20925" status="PASS">
          <reporter-output>
          </reporter-output>
        </test-method> <!-- setup -->
        <test-method signature="loginToCRM()[pri:0, instance:testCases.LoginToOrange@27e47833]" started-at="2020-12-24T21:05:10Z" name="loginToCRM" finished-at="2020-12-24T21:05:19Z" duration-ms="9032" status="PASS">
          <reporter-output>
          </reporter-output>
        </test-method> <!-- loginToCRM -->
        <test-method is-config="true" signature="tearDownMethod(org.testng.ITestResult)[pri:0, instance:testCases.LoginToOrange@27e47833]" started-at="2020-12-24T21:05:19Z" name="tearDownMethod" finished-at="2020-12-24T21:05:21Z" duration-ms="1756" status="PASS">
          <params>
            <param index="0">
              <value>
                <![CDATA[[TestResult name=loginToCRM status=SUCCESS method=LoginToOrange.loginToCRM()[pri:0, instance:testCases.LoginToOrange@27e47833] output={null}]]]>
              </value>
            </param>
          </params>
          <reporter-output>
          </reporter-output>
        </test-method> <!-- tearDownMethod -->
        <test-method is-config="true" signature="tearDown()[pri:0, instance:testCases.LoginToOrange@27e47833]" started-at="2020-12-24T21:05:21Z" name="tearDown" finished-at="2020-12-24T21:05:23Z" duration-ms="1950" status="PASS">
          <reporter-output>
          </reporter-output>
        </test-method> <!-- tearDown -->
      </class> <!-- testCases.LoginToOrange -->
    </test> <!-- Test -->
  </suite> <!-- Suite -->
</testng-results>
